<?xml version="1.0" encoding="UTF-8"?>
<!-- Generated by org.testng.reporters.JUnitReportReporter -->
<testsuite skipped="0" hostname="DESKTOP-2F3S0DP" name="examTestngProject.ElementPageTest" tests="1" failures="0" timestamp="2022-09-06T07:11:23 CDT" time="5.725" errors="0">
  <testcase name="insertCategory" time="5.725" classname="examTestngProject.ElementPageTest"/>
  <system-out/>
</testsuite> <!-- examTestngProject.ElementPageTest -->
